SF:lib/models/entities/filter_entity.dart
DA:5,2
DA:23,1
DA:24,1
DA:25,1
DA:26,1
DA:27,1
DA:28,1
DA:29,1
DA:30,1
DA:31,1
DA:36,0
DA:46,0
DA:47,0
DA:48,0
DA:49,0
DA:50,0
DA:55,1
DA:63,1
DA:64,1
DA:65,1
DA:66,1
LF:21
LH:15
end_of_record
SF:lib/models/get_products_page.dart
DA:4,3
DA:10,1
DA:11,3
DA:14,1
DA:15,2
LF:5
LH:5
end_of_record
SF:lib/models/products_page.dart
DA:10,2
DA:17,2
DA:24,0
DA:25,0
DA:26,0
DA:27,0
DA:28,0
DA:29,0
DA:35,2
DA:48,2
DA:61,1
DA:62,1
DA:63,1
DA:64,1
DA:65,1
DA:66,1
DA:67,1
DA:68,1
DA:69,1
DA:70,1
DA:71,1
DA:72,1
DA:78,2
DA:94,2
DA:110,1
DA:111,1
DA:112,1
DA:113,1
DA:114,1
DA:115,1
DA:116,1
DA:117,1
DA:118,1
DA:119,1
DA:120,1
DA:121,1
DA:122,1
DA:123,1
DA:124,1
DA:130,1
DA:137,2
DA:144,0
DA:145,0
DA:146,0
DA:147,0
DA:148,0
DA:152,1
DA:153,1
DA:154,1
DA:155,1
DA:156,1
DA:157,1
DA:163,2
DA:168,2
DA:173,1
DA:174,1
DA:175,1
DA:176,1
DA:182,1
DA:188,2
DA:194,1
DA:195,1
DA:196,1
DA:197,1
DA:198,1
LF:65
LH:54
end_of_record
SF:lib/models/products_page.g.dart
DA:9,2
DA:10,2
DA:11,2
DA:12,2
DA:13,1
DA:14,3
DA:15,1
DA:18,0
DA:19,0
DA:20,0
DA:21,0
DA:22,0
DA:23,0
DA:26,2
DA:27,1
DA:28,1
DA:29,1
DA:30,1
DA:31,1
DA:32,1
DA:33,1
DA:34,1
DA:35,1
DA:36,3
DA:37,1
DA:38,2
DA:41,0
DA:42,0
DA:43,0
DA:44,0
DA:45,0
DA:46,0
DA:47,0
DA:48,0
DA:49,0
DA:50,0
DA:51,0
DA:54,2
DA:55,1
DA:56,1
DA:57,1
DA:58,1
DA:59,1
DA:60,1
DA:62,2
DA:63,1
DA:65,2
DA:66,1
DA:68,1
DA:69,1
DA:70,1
DA:72,1
DA:73,1
DA:74,1
DA:76,2
DA:77,1
DA:78,1
DA:79,0
DA:80,0
DA:83,0
DA:84,0
DA:85,0
DA:86,0
DA:87,0
DA:88,0
DA:89,0
DA:90,0
DA:91,0
DA:92,0
DA:93,0
DA:94,0
DA:95,0
DA:96,0
DA:99,2
DA:100,1
DA:101,1
DA:102,1
DA:103,1
DA:106,0
DA:107,0
DA:108,0
DA:109,0
DA:110,0
DA:113,2
DA:114,2
DA:115,1
DA:118,0
DA:119,0
DA:120,0
DA:123,1
DA:124,1
DA:125,2
DA:126,1
DA:127,1
DA:130,0
DA:131,0
DA:132,0
DA:133,0
DA:134,0
LF:99
LH:53
end_of_record
SF:lib/presentation/pages/home_page/cubit/home_state.dart
DA:4,3
DA:6,0
DA:7,0
DA:11,1
DA:15,2
DA:25,1
DA:26,1
DA:27,1
DA:28,1
DA:29,1
DA:34,1
DA:35,1
DA:36,1
DA:37,1
DA:38,1
DA:43,1
DA:51,1
DA:54,1
DA:55,1
DA:56,1
DA:57,1
DA:62,1
DA:63,1
DA:64,1
DA:65,1
DA:70,1
DA:74,1
DA:75,2
LF:28
LH:26
end_of_record
SF:lib/presentation/pages/home_page/cubit/home_cubit.dart
DA:11,2
DA:17,1
DA:19,1
DA:20,3
DA:21,3
DA:22,2
DA:23,9
DA:25,2
DA:29,1
DA:30,2
DA:33,2
DA:34,2
DA:35,2
DA:41,1
DA:44,1
DA:45,1
DA:47,2
DA:51,0
DA:52,0
DA:53,0
DA:59,0
DA:63,0
DA:64,0
DA:65,0
DA:66,0
DA:67,0
DA:73,1
DA:74,3
DA:76,3
DA:79,1
DA:80,2
DA:81,2
DA:83,1
DA:84,1
DA:86,3
DA:87,3
DA:88,2
DA:90,2
DA:101,2
DA:102,2
DA:103,4
DA:104,5
DA:106,5
DA:107,3
DA:110,5
DA:111,3
DA:115,7
DA:116,2
DA:118,1
DA:124,1
DA:127,0
DA:128,0
DA:129,0
DA:130,0
DA:136,1
DA:141,2
DA:142,1
DA:144,1
DA:146,3
DA:147,3
DA:149,2
DA:150,2
DA:151,4
DA:155,0
DA:159,0
DA:163,0
DA:164,0
DA:168,0
DA:169,0
DA:173,0
DA:177,0
DA:181,0
DA:184,2
DA:186,1
LF:74
LH:52
end_of_record
SF:lib/repositories/products_repository.dart
DA:17,0
DA:19,0
DA:20,0
DA:21,0
DA:22,0
DA:24,0
LF:6
LH:0
end_of_record
SF:lib/presentation/extension/color_extension.dart
DA:5,0
DA:7,0
DA:8,0
DA:9,0
DA:11,0
DA:12,0
DA:15,0
LF:7
LH:0
end_of_record
